<?xml version="1.0" encoding="UTF-8"?>
<!-- Generated by org.testng.reporters.JUnitReportReporter -->
<testsuite skipped="0" hostname="Lenovo-7iPro" name="scripts._01_AppleTest" tests="2" failures="0" timestamp="2022-05-22T15:56:22 CDT" time="14.268" errors="0">
  <testcase name="testAppleTitle" time="8.219" classname="scripts._01_AppleTest"/>
  <system-out/>
  <testcase name="testAppleUrl" time="6.049" classname="scripts._01_AppleTest"/>
  <system-out/>
</testsuite> <!-- scripts._01_AppleTest -->
