<?xml version="1.0" encoding="UTF-8"?>
<!-- Generated by org.testng.reporters.JUnitReportReporter -->
<testsuite skipped="0" hostname="Lenovo-7iPro" name="scripts._06_RadioButtonTest" tests="1" failures="0" timestamp="2022-05-29T15:46:14 CDT" time="5.722" errors="0">
  <testcase name="testFacebookGenderRadioButtons" time="5.722" classname="scripts._06_RadioButtonTest"/>
  <system-out/>
</testsuite> <!-- scripts._06_RadioButtonTest -->
