<?xml version="1.0" encoding="UTF-8"?>
<!-- Generated by org.testng.reporters.JUnitReportReporter -->
<testsuite skipped="0" hostname="Lenovo-7iPro" name="scripts._03_EtsyTest" tests="3" failures="0" timestamp="2022-05-22T15:56:22 CDT" time="24.296" errors="0">
  <testcase name="testEtsyLogo" time="6.976" classname="scripts._03_EtsyTest"/>
  <system-out/>
  <testcase name="testEtsySearch" time="7.175" classname="scripts._03_EtsyTest"/>
  <system-out/>
  <testcase name="testEtsySearchResult" time="10.145" classname="scripts._03_EtsyTest"/>
  <system-out/>
</testsuite> <!-- scripts._03_EtsyTest -->
