<?xml version="1.0" encoding="UTF-8"?>
<!-- Generated by org.testng.reporters.JUnitReportReporter -->
<testsuite skipped="0" hostname="Lenovo-7iPro" name="scripts._01_AppleTest" tests="1" failures="0" timestamp="2022-05-29T15:46:14 CDT" time="6.974" errors="0">
  <testcase name="testAppleUrl" time="6.974" classname="scripts._01_AppleTest"/>
  <system-out/>
</testsuite> <!-- scripts._01_AppleTest -->
