<?xml version="1.0" encoding="UTF-8"?>
<!-- Generated by org.testng.reporters.JUnitReportReporter -->
<testsuite skipped="0" hostname="Lenovo-7iPro" name="scripts._02_TechGlobalTest" tests="1" failures="0" timestamp="2022-06-11T14:45:35 CDT" time="7.546" errors="0">
  <testcase name="testAplicationFromHeading" time="7.546" classname="scripts._02_TechGlobalTest"/>
  <system-out/>
</testsuite> <!-- scripts._02_TechGlobalTest -->
