<?xml version="1.0" encoding="UTF-8"?>
<!-- Generated by org.testng.reporters.JUnitReportReporter -->
<testsuite skipped="0" hostname="Lenovo-7iPro" name="scripts._04_GoogleSearchTest" tests="1" failures="0" timestamp="2022-05-29T15:46:14 CDT" time="7.403" errors="0">
  <testcase name="testGoogleStoreLink" time="7.403" classname="scripts._04_GoogleSearchTest"/>
  <system-out/>
</testsuite> <!-- scripts._04_GoogleSearchTest -->
